D:\htoa\mysql\bin\mysqld, Version: 5.7.20-log (MySQL Community Server (GPL)). started with:
TCP Port: 3316, Named Pipe: (null)
Time                 Id Command    Argument
D:\htoa\mysql\bin\mysqld, Version: 5.7.20-log (MySQL Community Server (GPL)). started with:
TCP Port: 3316, Named Pipe: (null)
Time                 Id Command    Argument
D:\htoa\mysql\bin\mysqld, Version: 5.7.20-log (MySQL Community Server (GPL)). started with:
TCP Port: 3316, Named Pipe: (null)
Time                 Id Command    Argument
D:\htoa\mysql\bin\mysqld, Version: 5.7.20-log (MySQL Community Server (GPL)). started with:
TCP Port: 3316, Named Pipe: (null)
Time                 Id Command    Argument
D:\htoa\mysql\bin\mysqld, Version: 5.7.20-log (MySQL Community Server (GPL)). started with:
TCP Port: 3316, Named Pipe: (null)
Time                 Id Command    Argument
D:\htoa\mysql\bin\mysqld, Version: 5.7.20-log (MySQL Community Server (GPL)). started with:
TCP Port: 3316, Named Pipe: (null)
Time                 Id Command    Argument
D:\htoa\mysql\bin\mysqld, Version: 5.7.20-log (MySQL Community Server (GPL)). started with:
TCP Port: 3316, Named Pipe: (null)
Time                 Id Command    Argument
D:\htoa\mysql\bin\mysqld, Version: 5.7.20-log (MySQL Community Server (GPL)). started with:
TCP Port: 3316, Named Pipe: (null)
Time                 Id Command    Argument
D:\htoa\mysql\bin\mysqld, Version: 5.7.20-log (MySQL Community Server (GPL)). started with:
TCP Port: 3316, Named Pipe: (null)
Time                 Id Command    Argument
D:\htoa\mysql\bin\mysqld, Version: 5.7.20-log (MySQL Community Server (GPL)). started with:
TCP Port: 3316, Named Pipe: (null)
Time                 Id Command    Argument
D:\htoa\mysql\bin\mysqld, Version: 5.7.20-log (MySQL Community Server (GPL)). started with:
TCP Port: 3316, Named Pipe: (null)
Time                 Id Command    Argument
D:\htoa\mysql\bin\mysqld, Version: 5.7.20-log (MySQL Community Server (GPL)). started with:
TCP Port: 3316, Named Pipe: (null)
Time                 Id Command    Argument
D:\htoa\mysql\bin\mysqld, Version: 5.7.20-log (MySQL Community Server (GPL)). started with:
TCP Port: 3316, Named Pipe: (null)
Time                 Id Command    Argument
D:\htoa\mysql\bin\mysqld, Version: 5.7.20-log (MySQL Community Server (GPL)). started with:
TCP Port: 3316, Named Pipe: (null)
Time                 Id Command    Argument
D:\htoa\mysql\bin\mysqld, Version: 5.7.20-log (MySQL Community Server (GPL)). started with:
TCP Port: 3316, Named Pipe: (null)
Time                 Id Command    Argument
D:\htoa\mysql\bin\mysqld, Version: 5.7.20-log (MySQL Community Server (GPL)). started with:
TCP Port: 3316, Named Pipe: (null)
Time                 Id Command    Argument
D:\htoa\mysql\bin\mysqld, Version: 5.7.20-log (MySQL Community Server (GPL)). started with:
TCP Port: 3316, Named Pipe: (null)
Time                 Id Command    Argument
D:\htoa\mysql\bin\mysqld, Version: 5.7.20-log (MySQL Community Server (GPL)). started with:
TCP Port: 3316, Named Pipe: (null)
Time                 Id Command    Argument
D:\htoa\mysql\bin\mysqld, Version: 5.7.20-log (MySQL Community Server (GPL)). started with:
TCP Port: 3316, Named Pipe: (null)
Time                 Id Command    Argument
D:\htoa\mysql\bin\mysqld, Version: 5.7.20-log (MySQL Community Server (GPL)). started with:
TCP Port: 3316, Named Pipe: (null)
Time                 Id Command    Argument
D:\htoa\mysql\bin\mysqld, Version: 5.7.20-log (MySQL Community Server (GPL)). started with:
TCP Port: 3316, Named Pipe: (null)
Time                 Id Command    Argument
D:\htoa\mysql\bin\mysqld, Version: 5.7.20-log (MySQL Community Server (GPL)). started with:
TCP Port: 3316, Named Pipe: (null)
Time                 Id Command    Argument
D:\htoa\mysql\bin\mysqld, Version: 5.7.20-log (MySQL Community Server (GPL)). started with:
TCP Port: 3316, Named Pipe: (null)
Time                 Id Command    Argument
D:\htoa\mysql\bin\mysqld, Version: 5.7.20-log (MySQL Community Server (GPL)). started with:
TCP Port: 3316, Named Pipe: (null)
Time                 Id Command    Argument
D:\htoa\mysql\bin\mysqld, Version: 5.7.20-log (MySQL Community Server (GPL)). started with:
TCP Port: 3316, Named Pipe: (null)
Time                 Id Command    Argument
D:\htoa\mysql\bin\mysqld, Version: 5.7.20-log (MySQL Community Server (GPL)). started with:
TCP Port: 3316, Named Pipe: (null)
Time                 Id Command    Argument
D:\htoa\mysql\bin\mysqld, Version: 5.7.20-log (MySQL Community Server (GPL)). started with:
TCP Port: 3316, Named Pipe: (null)
Time                 Id Command    Argument
D:\htoa\mysql\bin\mysqld, Version: 5.7.20-log (MySQL Community Server (GPL)). started with:
TCP Port: 3316, Named Pipe: (null)
Time                 Id Command    Argument
D:\htoa\mysql\bin\mysqld, Version: 5.7.20-log (MySQL Community Server (GPL)). started with:
TCP Port: 3316, Named Pipe: (null)
Time                 Id Command    Argument
D:\htoa\mysql\bin\mysqld, Version: 5.7.20-log (MySQL Community Server (GPL)). started with:
TCP Port: 3316, Named Pipe: (null)
Time                 Id Command    Argument
D:\htoa\mysql\bin\mysqld, Version: 5.7.20-log (MySQL Community Server (GPL)). started with:
TCP Port: 3316, Named Pipe: (null)
Time                 Id Command    Argument
mysqloa, Version: 5.7.20-log (MySQL Community Server (GPL)). started with:
TCP Port: 3316, Named Pipe: (null)
Time                 Id Command    Argument
mysql8, Version: 5.7.20-log (MySQL Community Server (GPL)). started with:
TCP Port: 3316, Named Pipe: (null)
Time                 Id Command    Argument
mysql1, Version: 5.7.20-log (MySQL Community Server (GPL)). started with:
TCP Port: 3316, Named Pipe: (null)
Time                 Id Command    Argument
mysql1, Version: 5.7.20-log (MySQL Community Server (GPL)). started with:
TCP Port: 3316, Named Pipe: (null)
Time                 Id Command    Argument
mydql1, Version: 5.7.20-log (MySQL Community Server (GPL)). started with:
TCP Port: 3316, Named Pipe: (null)
Time                 Id Command    Argument
springWorkMysql, Version: 5.7.20-log (MySQL Community Server (GPL)). started with:
TCP Port: 3316, Named Pipe: (null)
Time                 Id Command    Argument
