2019-09-26T05:02:19.406012Z 0 [Warning] TIMESTAMP with implicit DEFAULT value is deprecated. Please use --explicit_defaults_for_timestamp server option (see documentation for more details).
2019-09-26T05:02:19.724012Z 0 [Warning] InnoDB: New log files created, LSN=45790
2019-09-26T05:02:19.797012Z 0 [Warning] InnoDB: Creating foreign key constraint system tables.
2019-09-26T05:02:19.878012Z 0 [Warning] No existing UUID has been found, so we assume that this is the first time that this server has been started. Generating a new UUID: d16bbdd1-e01a-11e9-8cb5-00ff897e650d.
2019-09-26T05:02:19.884012Z 0 [Warning] Gtid table is not ready to be used. Table 'mysql.gtid_executed' cannot be opened.
2019-09-26T05:02:19.893012Z 1 [Warning] root@localhost is created with an empty password ! Please consider switching off the --initialize-insecure option.
2019-09-26T05:02:36.658012Z 0 [Warning] TIMESTAMP with implicit DEFAULT value is deprecated. Please use --explicit_defaults_for_timestamp server option (see documentation for more details).
2019-09-26T05:02:36.658012Z 0 [Note] --secure-file-priv is set to NULL. Operations related to importing and exporting data are disabled
2019-09-26T05:02:36.658012Z 0 [Note] ssagsql (mysqld 5.7.20) starting as process 20348 ...
2019-09-26T05:02:36.667012Z 0 [Note] InnoDB: Mutexes and rw_locks use Windows interlocked functions
2019-09-26T05:02:36.667012Z 0 [Note] InnoDB: Uses event mutexes
2019-09-26T05:02:36.668012Z 0 [Note] InnoDB: _mm_lfence() and _mm_sfence() are used for memory barrier
2019-09-26T05:02:36.668012Z 0 [Note] InnoDB: Compressed tables use zlib 1.2.3
2019-09-26T05:02:36.669012Z 0 [Note] InnoDB: Number of pools: 1
2019-09-26T05:02:36.669012Z 0 [Note] InnoDB: Not using CPU crc32 instructions
2019-09-26T05:02:36.673012Z 0 [Note] InnoDB: Initializing buffer pool, total size = 128M, instances = 1, chunk size = 128M
2019-09-26T05:02:36.680012Z 0 [Note] InnoDB: Completed initialization of buffer pool
2019-09-26T05:02:36.705012Z 0 [Note] InnoDB: Highest supported file format is Barracuda.
2019-09-26T05:02:36.755012Z 0 [Note] InnoDB: Creating shared tablespace for temporary tables
2019-09-26T05:02:36.756012Z 0 [Note] InnoDB: Setting file '.\ibtmp1' size to 12 MB. Physically writing the file full; Please wait ...
2019-09-26T05:02:36.891012Z 0 [Note] InnoDB: File '.\ibtmp1' size is now 12 MB.
2019-09-26T05:02:36.895012Z 0 [Note] InnoDB: 96 redo rollback segment(s) found. 96 redo rollback segment(s) are active.
2019-09-26T05:02:36.896012Z 0 [Note] InnoDB: 32 non-redo rollback segment(s) are active.
2019-09-26T05:02:36.897012Z 0 [Note] InnoDB: Waiting for purge to start
2019-09-26T05:02:36.948012Z 0 [Note] InnoDB: 5.7.20 started; log sequence number 2565377
2019-09-26T05:02:36.949012Z 0 [Note] InnoDB: Loading buffer pool(s) from D:\jinx-git-space\mywork\mysql\data\ib_buffer_pool
2019-09-26T05:02:36.949012Z 0 [Note] Plugin 'FEDERATED' is disabled.
2019-09-26T05:02:36.963012Z 0 [Warning] Failed to set up SSL because of the following SSL library error: SSL context is not usable without certificate and private key
2019-09-26T05:02:36.966012Z 0 [Note] Server hostname (bind-address): '*'; port: 3316
2019-09-26T05:02:36.968012Z 0 [Note] IPv6 is available.
2019-09-26T05:02:36.968012Z 0 [Note]   - '::' resolves to '::';
2019-09-26T05:02:36.968012Z 0 [Note] Server socket created on IP: '::'.
2019-09-26T05:02:36.969012Z 0 [ERROR] Can't start server: Bind on TCP/IP port: No such file or directory
2019-09-26T05:02:36.970012Z 0 [ERROR] Do you already have another mysqld server running on port: 3316 ?
2019-09-26T05:02:36.970012Z 0 [ERROR] Aborting

2019-09-26T05:02:36.971012Z 0 [Note] Binlog end
2019-09-26T05:02:36.971012Z 0 [Note] Shutting down plugin 'ngram'
2019-09-26T05:02:36.972012Z 0 [Note] Shutting down plugin 'partition'
2019-09-26T05:02:36.972012Z 0 [Note] Shutting down plugin 'BLACKHOLE'
2019-09-26T05:02:36.973012Z 0 [Note] Shutting down plugin 'ARCHIVE'
2019-09-26T05:02:36.973012Z 0 [Note] Shutting down plugin 'PERFORMANCE_SCHEMA'
2019-09-26T05:02:36.974012Z 0 [Note] Shutting down plugin 'MRG_MYISAM'
2019-09-26T05:02:36.975012Z 0 [Note] Shutting down plugin 'MyISAM'
2019-09-26T05:02:36.975012Z 0 [Note] Shutting down plugin 'INNODB_SYS_VIRTUAL'
2019-09-26T05:02:36.976012Z 0 [Note] Shutting down plugin 'INNODB_SYS_DATAFILES'
2019-09-26T05:02:36.976012Z 0 [Note] Shutting down plugin 'INNODB_SYS_TABLESPACES'
2019-09-26T05:02:36.976012Z 0 [Note] Shutting down plugin 'INNODB_SYS_FOREIGN_COLS'
2019-09-26T05:02:36.977012Z 0 [Note] Shutting down plugin 'INNODB_SYS_FOREIGN'
2019-09-26T05:02:36.978012Z 0 [Note] Shutting down plugin 'INNODB_SYS_FIELDS'
2019-09-26T05:02:36.978012Z 0 [Note] Shutting down plugin 'INNODB_SYS_COLUMNS'
2019-09-26T05:02:36.979012Z 0 [Note] Shutting down plugin 'INNODB_SYS_INDEXES'
2019-09-26T05:02:36.979012Z 0 [Note] Shutting down plugin 'INNODB_SYS_TABLESTATS'
2019-09-26T05:02:36.980012Z 0 [Note] Shutting down plugin 'INNODB_SYS_TABLES'
2019-09-26T05:02:36.981012Z 0 [Note] Shutting down plugin 'INNODB_FT_INDEX_TABLE'
2019-09-26T05:02:36.981012Z 0 [Note] Shutting down plugin 'INNODB_FT_INDEX_CACHE'
2019-09-26T05:02:36.982012Z 0 [Note] Shutting down plugin 'INNODB_FT_CONFIG'
2019-09-26T05:02:36.982012Z 0 [Note] InnoDB: Buffer pool(s) load completed at 190926 13:02:36
2019-09-26T05:02:36.982012Z 0 [Note] Shutting down plugin 'INNODB_FT_BEING_DELETED'
2019-09-26T05:02:36.983012Z 0 [Note] Shutting down plugin 'INNODB_FT_DELETED'
2019-09-26T05:02:36.983012Z 0 [Note] Shutting down plugin 'INNODB_FT_DEFAULT_STOPWORD'
2019-09-26T05:02:36.983012Z 0 [Note] Shutting down plugin 'INNODB_METRICS'
2019-09-26T05:02:36.984012Z 0 [Note] Shutting down plugin 'INNODB_TEMP_TABLE_INFO'
2019-09-26T05:02:36.984012Z 0 [Note] Shutting down plugin 'INNODB_BUFFER_POOL_STATS'
2019-09-26T05:02:36.984012Z 0 [Note] Shutting down plugin 'INNODB_BUFFER_PAGE_LRU'
2019-09-26T05:02:36.985012Z 0 [Note] Shutting down plugin 'INNODB_BUFFER_PAGE'
2019-09-26T05:02:36.985012Z 0 [Note] Shutting down plugin 'INNODB_CMP_PER_INDEX_RESET'
2019-09-26T05:02:36.985012Z 0 [Note] Shutting down plugin 'INNODB_CMP_PER_INDEX'
2019-09-26T05:02:36.985012Z 0 [Note] Shutting down plugin 'INNODB_CMPMEM_RESET'
2019-09-26T05:02:36.986012Z 0 [Note] Shutting down plugin 'INNODB_CMPMEM'
2019-09-26T05:02:36.986012Z 0 [Note] Shutting down plugin 'INNODB_CMP_RESET'
2019-09-26T05:02:36.986012Z 0 [Note] Shutting down plugin 'INNODB_CMP'
2019-09-26T05:02:36.987012Z 0 [Note] Shutting down plugin 'INNODB_LOCK_WAITS'
2019-09-26T05:02:36.987012Z 0 [Note] Shutting down plugin 'INNODB_LOCKS'
2019-09-26T05:02:36.987012Z 0 [Note] Shutting down plugin 'INNODB_TRX'
2019-09-26T05:02:36.987012Z 0 [Note] Shutting down plugin 'InnoDB'
2019-09-26T05:02:36.988012Z 0 [Note] InnoDB: FTS optimize thread exiting.
2019-09-26T05:02:36.988012Z 0 [Note] InnoDB: Starting shutdown...
2019-09-26T05:02:37.088012Z 0 [Note] InnoDB: Dumping buffer pool(s) to D:\jinx-git-space\mywork\mysql\data\ib_buffer_pool
2019-09-26T05:02:37.093012Z 0 [Note] InnoDB: Buffer pool(s) dump completed at 190926 13:02:37
2019-09-26T05:02:38.398012Z 0 [Note] InnoDB: Shutdown completed; log sequence number 2565396
2019-09-26T05:02:38.400012Z 0 [Note] InnoDB: Removed temporary tablespace data file: "ibtmp1"
2019-09-26T05:02:38.401012Z 0 [Note] Shutting down plugin 'MEMORY'
2019-09-26T05:02:38.401012Z 0 [Note] Shutting down plugin 'CSV'
2019-09-26T05:02:38.402012Z 0 [Note] Shutting down plugin 'sha256_password'
2019-09-26T05:02:38.403012Z 0 [Note] Shutting down plugin 'mysql_native_password'
2019-09-26T05:02:38.403012Z 0 [Note] Shutting down plugin 'binlog'
2019-09-26T05:02:38.404012Z 0 [Note] ssagsql: Shutdown complete

