2019-02-25T12:02:32.639508Z 0 [Warning] TIMESTAMP with implicit DEFAULT value is deprecated. Please use --explicit_defaults_for_timestamp server option (see documentation for more details).
2019-02-25T12:02:32.639508Z 0 [Note] --secure-file-priv is set to NULL. Operations related to importing and exporting data are disabled
2019-02-25T12:02:32.639508Z 0 [Note] D:\htoa\mysql\bin\mysqld (mysqld 5.7.20-log) starting as process 12372 ...
2019-02-25T12:02:32.671594Z 0 [Note] InnoDB: Mutexes and rw_locks use Windows interlocked functions
2019-02-25T12:02:32.672597Z 0 [Note] InnoDB: Uses event mutexes
2019-02-25T12:02:32.674602Z 0 [Note] InnoDB: _mm_lfence() and _mm_sfence() are used for memory barrier
2019-02-25T12:02:32.676607Z 0 [Note] InnoDB: Compressed tables use zlib 1.2.3
2019-02-25T12:02:32.677610Z 0 [Note] InnoDB: Number of pools: 1
2019-02-25T12:02:32.678612Z 0 [Note] InnoDB: Not using CPU crc32 instructions
2019-02-25T12:02:32.699668Z 0 [Note] InnoDB: Initializing buffer pool, total size = 128M, instances = 1, chunk size = 128M
2019-02-25T12:02:32.709695Z 0 [Note] InnoDB: Completed initialization of buffer pool
2019-02-25T12:02:32.735764Z 0 [Note] InnoDB: The first innodb_system data file 'ibdata1' did not exist. A new tablespace will be created!
2019-02-25T12:02:32.737770Z 0 [Note] InnoDB: Setting file '.\ibdata1' size to 12 MB. Physically writing the file full; Please wait ...
2019-02-25T12:02:32.770857Z 0 [Note] InnoDB: File '.\ibdata1' size is now 12 MB.
2019-02-25T12:02:32.792916Z 0 [Note] InnoDB: Setting log file .\ib_logfile101 size to 48 MB
2019-02-25T12:02:32.910229Z 0 [Note] InnoDB: Setting log file .\ib_logfile1 size to 48 MB
2019-02-25T12:02:33.055615Z 0 [Note] InnoDB: Renaming log file .\ib_logfile101 to .\ib_logfile0
2019-02-25T12:02:33.057620Z 0 [Warning] InnoDB: New log files created, LSN=45790
2019-02-25T12:02:33.058624Z 0 [Note] InnoDB: Creating shared tablespace for temporary tables
2019-02-25T12:02:33.059626Z 0 [Note] InnoDB: Setting file '.\ibtmp1' size to 12 MB. Physically writing the file full; Please wait ...
2019-02-25T12:02:33.089705Z 0 [Note] InnoDB: File '.\ibtmp1' size is now 12 MB.
2019-02-25T12:02:33.095730Z 0 [Note] InnoDB: Doublewrite buffer not found: creating new
2019-02-25T12:02:33.116777Z 0 [Note] InnoDB: Doublewrite buffer created
2019-02-25T12:02:33.127807Z 0 [Note] InnoDB: 96 redo rollback segment(s) found. 96 redo rollback segment(s) are active.
2019-02-25T12:02:33.128809Z 0 [Note] InnoDB: 32 non-redo rollback segment(s) are active.
2019-02-25T12:02:33.129812Z 0 [Warning] InnoDB: Creating foreign key constraint system tables.
2019-02-25T12:02:33.140842Z 0 [Note] InnoDB: Foreign key constraint system tables created
2019-02-25T12:02:33.141844Z 0 [Note] InnoDB: Creating tablespace and datafile system tables.
2019-02-25T12:02:33.144853Z 0 [Note] InnoDB: Tablespace and datafile system tables created.
2019-02-25T12:02:33.145855Z 0 [Note] InnoDB: Creating sys_virtual system tables.
2019-02-25T12:02:33.147860Z 0 [Note] InnoDB: sys_virtual table created
2019-02-25T12:02:33.148863Z 0 [Note] InnoDB: Waiting for purge to start
2019-02-25T12:02:33.247124Z 0 [Note] InnoDB: 5.7.20 started; log sequence number 0
2019-02-25T12:02:33.249129Z 0 [Note] Plugin 'FEDERATED' is disabled.
2019-02-25T12:02:33.256148Z 0 [Warning] InnoDB: Cannot open table mysql/plugin from the internal data dictionary of InnoDB though the .frm file for the table exists. Please refer to http://dev.mysql.com/doc/refman/5.7/en/innodb-troubleshooting.html for how to resolve the issue.
mysqld: Table 'mysql.plugin' doesn't exist
2019-02-25T12:02:33.259157Z 0 [ERROR] Can't open the mysql.plugin table. Please run mysql_upgrade to create it.
2019-02-25T12:02:33.263167Z 0 [Note] Salting uuid generator variables, current_pid: 12372, server_start_time: 1551096152, bytes_sent: 0, 
2019-02-25T12:02:33.273194Z 0 [Note] Generated uuid: '3bc9c8a5-38f5-11e9-8ab0-00ff6086aa17', server_start_time: 1551108524, bytes_sent: 1460275251584
2019-02-25T12:02:33.275199Z 0 [Warning] No existing UUID has been found, so we assume that this is the first time that this server has been started. Generating a new UUID: 3bc9c8a5-38f5-11e9-8ab0-00ff6086aa17.
2019-02-25T12:02:33.279209Z 0 [Warning] InnoDB: Cannot open table mysql/gtid_executed from the internal data dictionary of InnoDB though the .frm file for the table exists. Please refer to http://dev.mysql.com/doc/refman/5.7/en/innodb-troubleshooting.html for how to resolve the issue.
mysqld: Table 'mysql.gtid_executed' doesn't exist
2019-02-25T12:02:33.282217Z 0 [Warning] Gtid table is not ready to be used. Table 'mysql.gtid_executed' cannot be opened.
2019-02-25T12:02:33.284223Z 0 [Warning] Failed to set up SSL because of the following SSL library error: SSL context is not usable without certificate and private key
2019-02-25T12:02:33.285226Z 0 [Note] Server hostname (bind-address): '*'; port: 3316
2019-02-25T12:02:33.287232Z 0 [Note] IPv6 is available.
2019-02-25T12:02:33.287232Z 0 [Note]   - '::' resolves to '::';
2019-02-25T12:02:33.288233Z 0 [Note] Server socket created on IP: '::'.
2019-02-25T12:02:33.290240Z 0 [Warning] InnoDB: Cannot open table mysql/server_cost from the internal data dictionary of InnoDB though the .frm file for the table exists. Please refer to http://dev.mysql.com/doc/refman/5.7/en/innodb-troubleshooting.html for how to resolve the issue.
2019-02-25T12:02:33.293249Z 0 [Warning] Failed to open optimizer cost constant tables

2019-02-25T12:02:33.306281Z 0 [Warning] InnoDB: Cannot open table mysql/time_zone_leap_second from the internal data dictionary of InnoDB though the .frm file for the table exists. Please refer to http://dev.mysql.com/doc/refman/5.7/en/innodb-troubleshooting.html for how to resolve the issue.
2019-02-25T12:02:33.308286Z 0 [Warning] Can't open and lock time zone table: Table 'mysql.time_zone_leap_second' doesn't exist trying to live without them
2019-02-25T12:02:33.311295Z 0 [Warning] InnoDB: Cannot open table mysql/servers from the internal data dictionary of InnoDB though the .frm file for the table exists. Please refer to http://dev.mysql.com/doc/refman/5.7/en/innodb-troubleshooting.html for how to resolve the issue.
2019-02-25T12:02:33.314302Z 0 [ERROR] Can't open and lock privilege tables: Table 'mysql.servers' doesn't exist
2019-02-25T12:02:33.368447Z 0 [Note] Event Scheduler: Loaded 0 events
2019-02-25T12:02:33.369450Z 0 [Note] D:\htoa\mysql\bin\mysqld: ready for connections.
Version: '5.7.20-log'  socket: ''  port: 3316  MySQL Community Server (GPL)
2019-02-25T12:02:33.371455Z 0 [Note] Executing 'SELECT * FROM INFORMATION_SCHEMA.TABLES;' to get a list of tables using the deprecated partition engine. You may use the startup option '--disable-partition-engine-check' to skip this check. 
2019-02-25T12:02:33.388501Z 0 [Note] Beginning of list of non-natively partitioned tables
2019-02-25T12:02:33.499796Z 0 [Note] End of list of non-natively partitioned tables
2019-02-25T12:12:19.186206Z 4 [Note] Aborted connection 4 to db: 'oa8000' user: 'htsoftware' host: 'localhost' (Got an error reading communication packets)
2019-02-25T12:12:19.187209Z 9 [Note] Aborted connection 9 to db: 'oa8000' user: 'htsoftware' host: 'localhost' (Got an error reading communication packets)
2019-02-25T12:12:19.188212Z 5 [Note] Aborted connection 5 to db: 'oa8000' user: 'htsoftware' host: 'localhost' (Got an error reading communication packets)
2019-02-25T12:12:19.188212Z 6 [Note] Aborted connection 6 to db: 'oa8000' user: 'htsoftware' host: 'localhost' (Got an error reading communication packets)
2019-02-25T12:12:19.188212Z 8 [Note] Aborted connection 8 to db: 'oa8000' user: 'htsoftware' host: 'localhost' (Got an error reading communication packets)
2019-02-25T12:12:19.189214Z 7 [Note] Aborted connection 7 to db: 'oa8000' user: 'htsoftware' host: 'localhost' (Got an error reading communication packets)
